# JRE version: OpenJDK Runtime Environment Temurin-17.0.13+11 (17.0.13+11) (build 17.0.13+11)
# Java VM: OpenJDK 64-Bit Server VM Temurin-17.0.13+11 (17.0.13+11, mixed mode, tiered, compressed oops, compressed class ptrs, parallel gc, windows-amd64)
GC Precious Log:
 CPUs: 8 total, 8 available
 Memory: 8112M
 Large Page Support: Disabled
 NUMA Support: Disabled
 Compressed Oops: Enabled (32-bit)
 Alignments: Space 512K, Generation 512K, Heap 2M
 Heap Min Capacity: 100M
 Heap Initial Capacity: 100M
 Heap Max Capacity: 1G
 Pre-touch: Disabled
 Parallel Workers: 8
Heap:
 PSYoungGen      total 82432K, used 73956K [0x00000000eab00000, 0x00000000f3900000, 0x0000000100000000)
  eden space 45568K, 81% used [0x00000000eab00000,0x00000000ecf39f18,0x00000000ed780000)
  from space 36864K, 99% used [0x00000000f0480000,0x00000000f287f3e8,0x00000000f2880000)
  to   space 46080K, 0% used [0x00000000ed780000,0x00000000ed780000,0x00000000f0480000)
 ParOldGen       total 202240K, used 180400K [0x00000000c0000000, 0x00000000cc580000, 0x00000000eab00000)
  object space 202240K, 89% used [0x00000000c0000000,0x00000000cb02c2c8,0x00000000cc580000)
 Metaspace       used 79239K, committed 80576K, reserved 1179648K
  class space    used 8358K, committed 8960K, reserved 1048576K
GC Heap History (20 events):
Event: 40.408 GC heap before
{Heap before GC invocations=210 (full 7):
 PSYoungGen      total 59392K, used 59073K [0x00000000eab00000, 0x00000000f0280000, 0x0000000100000000)
  eden space 31744K, 100% used [0x00000000eab00000,0x00000000eca00000,0x00000000eca00000)
  from space 27648K, 98% used [0x00000000ee780000,0x00000000f0230658,0x00000000f0280000)
  to   space 28160K, 0% used [0x00000000ecb80000,0x00000000ecb80000,0x00000000ee700000)
 ParOldGen       total 202240K, used 127094K [0x00000000c0000000, 0x00000000cc580000, 0x00000000eab00000)
  object space 202240K, 62% used [0x00000000c0000000,0x00000000c7c1dbc8,0x00000000cc580000)
 Metaspace       used 79118K, committed 80512K, reserved 1179648K
  class space    used 8348K, committed 8960K, reserved 1048576K
}
Event: 40.422 GC heap after
{Heap after GC invocations=210 (full 7):
 PSYoungGen      total 61440K, used 28147K [0x00000000eab00000, 0x00000000f0e00000, 0x0000000100000000)
  eden space 33280K, 0% used [0x00000000eab00000,0x00000000eab00000,0x00000000ecb80000)
  from space 28160K, 99% used [0x00000000ecb80000,0x00000000ee6fce38,0x00000000ee700000)
  to   space 33280K, 0% used [0x00000000eed80000,0x00000000eed80000,0x00000000f0e00000)
 ParOldGen       total 202240K, used 131144K [0x00000000c0000000, 0x00000000cc580000, 0x00000000eab00000)
  object space 202240K, 64% used [0x00000000c0000000,0x00000000c80120d8,0x00000000cc580000)
 Metaspace       used 79118K, committed 80512K, reserved 1179648K
  class space    used 8348K, committed 8960K, reserved 1048576K
}
Event: 40.524 GC heap before
{Heap before GC invocations=211 (full 7):
 PSYoungGen      total 61440K, used 61427K [0x00000000eab00000, 0x00000000f0e00000, 0x0000000100000000)
  eden space 33280K, 100% used [0x00000000eab00000,0x00000000ecb80000,0x00000000ecb80000)
  from space 28160K, 99% used [0x00000000ecb80000,0x00000000ee6fce38,0x00000000ee700000)
  to   space 33280K, 0% used [0x00000000eed80000,0x00000000eed80000,0x00000000f0e00000)
 ParOldGen       total 202240K, used 131144K [0x00000000c0000000, 0x00000000cc580000, 0x00000000eab00000)
  object space 202240K, 64% used [0x00000000c0000000,0x00000000c80120d8,0x00000000cc580000)
 Metaspace       used 79118K, committed 80512K, reserved 1179648K
  class space    used 8348K, committed 8960K, reserved 1048576K
}
Event: 40.543 GC heap after
{Heap after GC invocations=211 (full 7):
 PSYoungGen      total 66048K, used 29333K [0x00000000eab00000, 0x00000000f0a80000, 0x0000000100000000)
  eden space 36352K, 0% used [0x00000000eab00000,0x00000000eab00000,0x00000000ece80000)
  from space 29696K, 98% used [0x00000000eed80000,0x00000000f0a25588,0x00000000f0a80000)
  to   space 30720K, 0% used [0x00000000ece80000,0x00000000ece80000,0x00000000eec80000)
 ParOldGen       total 202240K, used 135259K [0x00000000c0000000, 0x00000000cc580000, 0x00000000eab00000)
  object space 202240K, 66% used [0x00000000c0000000,0x00000000c8416ed8,0x00000000cc580000)
 Metaspace       used 79118K, committed 80512K, reserved 1179648K
  class space    used 8348K, committed 8960K, reserved 1048576K
}
Event: 40.656 GC heap before
{Heap before GC invocations=212 (full 7):
 PSYoungGen      total 66048K, used 65685K [0x00000000eab00000, 0x00000000f0a80000, 0x0000000100000000)
  eden space 36352K, 100% used [0x00000000eab00000,0x00000000ece80000,0x00000000ece80000)
  from space 29696K, 98% used [0x00000000eed80000,0x00000000f0a25588,0x00000000f0a80000)
  to   space 30720K, 0% used [0x00000000ece80000,0x00000000ece80000,0x00000000eec80000)
 ParOldGen       total 202240K, used 135259K [0x00000000c0000000, 0x00000000cc580000, 0x00000000eab00000)
  object space 202240K, 66% used [0x00000000c0000000,0x00000000c8416ed8,0x00000000cc580000)
 Metaspace       used 79118K, committed 80512K, reserved 1179648K
  class space    used 8348K, committed 8960K, reserved 1048576K
}
Event: 40.672 GC heap after
{Heap after GC invocations=212 (full 7):
 PSYoungGen      total 67072K, used 30712K [0x00000000eab00000, 0x00000000f1800000, 0x0000000100000000)
  eden space 36352K, 0% used [0x00000000eab00000,0x00000000eab00000,0x00000000ece80000)
  from space 30720K, 99% used [0x00000000ece80000,0x00000000eec7e368,0x00000000eec80000)
  to   space 35840K, 0% used [0x00000000ef500000,0x00000000ef500000,0x00000000f1800000)
 ParOldGen       total 202240K, used 139259K [0x00000000c0000000, 0x00000000cc580000, 0x00000000eab00000)
  object space 202240K, 68% used [0x00000000c0000000,0x00000000c87fed58,0x00000000cc580000)
 Metaspace       used 79118K, committed 80512K, reserved 1179648K
  class space    used 8348K, committed 8960K, reserved 1048576K
}
Event: 40.766 GC heap before
{Heap before GC invocations=213 (full 7):
 PSYoungGen      total 67072K, used 67064K [0x00000000eab00000, 0x00000000f1800000, 0x0000000100000000)
  eden space 36352K, 100% used [0x00000000eab00000,0x00000000ece80000,0x00000000ece80000)
  from space 30720K, 99% used [0x00000000ece80000,0x00000000eec7e368,0x00000000eec80000)
  to   space 35840K, 0% used [0x00000000ef500000,0x00000000ef500000,0x00000000f1800000)
 ParOldGen       total 202240K, used 139259K [0x00000000c0000000, 0x00000000cc580000, 0x00000000eab00000)
  object space 202240K, 68% used [0x00000000c0000000,0x00000000c87fed58,0x00000000cc580000)
 Metaspace       used 79118K, committed 80512K, reserved 1179648K
  class space    used 8348K, committed 8960K, reserved 1048576K
}
Event: 40.781 GC heap after
{Heap after GC invocations=213 (full 7):
 PSYoungGen      total 71680K, used 31698K [0x00000000eab00000, 0x00000000f1400000, 0x0000000100000000)
  eden space 39936K, 0% used [0x00000000eab00000,0x00000000eab00000,0x00000000ed200000)
  from space 31744K, 99% used [0x00000000ef500000,0x00000000f13f4a40,0x00000000f1400000)
  to   space 33280K, 0% used [0x00000000ed300000,0x00000000ed300000,0x00000000ef380000)
 ParOldGen       total 202240K, used 143945K [0x00000000c0000000, 0x00000000cc580000, 0x00000000eab00000)
  object space 202240K, 71% used [0x00000000c0000000,0x00000000c8c92478,0x00000000cc580000)
 Metaspace       used 79118K, committed 80512K, reserved 1179648K
  class space    used 8348K, committed 8960K, reserved 1048576K
}
Event: 40.899 GC heap before
{Heap before GC invocations=214 (full 7):
 PSYoungGen      total 71680K, used 71634K [0x00000000eab00000, 0x00000000f1400000, 0x0000000100000000)
  eden space 39936K, 100% used [0x00000000eab00000,0x00000000ed200000,0x00000000ed200000)
  from space 31744K, 99% used [0x00000000ef500000,0x00000000f13f4a40,0x00000000f1400000)
  to   space 33280K, 0% used [0x00000000ed300000,0x00000000ed300000,0x00000000ef380000)
 ParOldGen       total 202240K, used 143945K [0x00000000c0000000, 0x00000000cc580000, 0x00000000eab00000)
  object space 202240K, 71% used [0x00000000c0000000,0x00000000c8c92478,0x00000000cc580000)
 Metaspace       used 79118K, committed 80512K, reserved 1179648K
  class space    used 8348K, committed 8960K, reserved 1048576K
}
Event: 40.916 GC heap after
{Heap after GC invocations=214 (full 7):
 PSYoungGen      total 74240K, used 33267K [0x00000000eab00000, 0x00000000f2180000, 0x0000000100000000)
  eden space 40960K, 0% used [0x00000000eab00000,0x00000000eab00000,0x00000000ed300000)
  from space 33280K, 99% used [0x00000000ed300000,0x00000000ef37cef0,0x00000000ef380000)
  to   space 38912K, 0% used [0x00000000efb80000,0x00000000efb80000,0x00000000f2180000)
 ParOldGen       total 202240K, used 148492K [0x00000000c0000000, 0x00000000cc580000, 0x00000000eab00000)
  object space 202240K, 73% used [0x00000000c0000000,0x00000000c91030b0,0x00000000cc580000)
 Metaspace       used 79118K, committed 80512K, reserved 1179648K
  class space    used 8348K, committed 8960K, reserved 1048576K
}
Event: 41.056 GC heap before
{Heap before GC invocations=215 (full 7):
 PSYoungGen      total 74240K, used 74227K [0x00000000eab00000, 0x00000000f2180000, 0x0000000100000000)
  eden space 40960K, 100% used [0x00000000eab00000,0x00000000ed300000,0x00000000ed300000)
  from space 33280K, 99% used [0x00000000ed300000,0x00000000ef37cef0,0x00000000ef380000)
  to   space 38912K, 0% used [0x00000000efb80000,0x00000000efb80000,0x00000000f2180000)
 ParOldGen       total 202240K, used 148492K [0x00000000c0000000, 0x00000000cc580000, 0x00000000eab00000)
  object space 202240K, 73% used [0x00000000c0000000,0x00000000c91030b0,0x00000000cc580000)
 Metaspace       used 79118K, committed 80512K, reserved 1179648K
  class space    used 8348K, committed 8960K, reserved 1048576K
}
Event: 41.080 GC heap after
{Heap after GC invocations=215 (full 7):
 PSYoungGen      total 79360K, used 34564K [0x00000000eab00000, 0x00000000f1d80000, 0x0000000100000000)
  eden space 44544K, 0% used [0x00000000eab00000,0x00000000eab00000,0x00000000ed680000)
  from space 34816K, 99% used [0x00000000efb80000,0x00000000f1d413f8,0x00000000f1d80000)
  to   space 35840K, 0% used [0x00000000ed780000,0x00000000ed780000,0x00000000efa80000)
 ParOldGen       total 202240K, used 153693K [0x00000000c0000000, 0x00000000cc580000, 0x00000000eab00000)
  object space 202240K, 75% used [0x00000000c0000000,0x00000000c9617610,0x00000000cc580000)
 Metaspace       used 79118K, committed 80512K, reserved 1179648K
  class space    used 8348K, committed 8960K, reserved 1048576K
}
Event: 41.213 GC heap before
{Heap before GC invocations=216 (full 7):
 PSYoungGen      total 79360K, used 78744K [0x00000000eab00000, 0x00000000f1d80000, 0x0000000100000000)
  eden space 44544K, 99% used [0x00000000eab00000,0x00000000ed624eb0,0x00000000ed680000)
  from space 34816K, 99% used [0x00000000efb80000,0x00000000f1d413f8,0x00000000f1d80000)
  to   space 35840K, 0% used [0x00000000ed780000,0x00000000ed780000,0x00000000efa80000)
 ParOldGen       total 202240K, used 153693K [0x00000000c0000000, 0x00000000cc580000, 0x00000000eab00000)
  object space 202240K, 75% used [0x00000000c0000000,0x00000000c9617610,0x00000000cc580000)
 Metaspace       used 79124K, committed 80512K, reserved 1179648K
  class space    used 8348K, committed 8960K, reserved 1048576K
}
Event: 41.229 GC heap after
{Heap after GC invocations=216 (full 7):
 PSYoungGen      total 81408K, used 35833K [0x00000000eab00000, 0x00000000f2e80000, 0x0000000100000000)
  eden space 45568K, 0% used [0x00000000eab00000,0x00000000eab00000,0x00000000ed780000)
  from space 35840K, 99% used [0x00000000ed780000,0x00000000efa7e408,0x00000000efa80000)
  to   space 43008K, 0% used [0x00000000f0480000,0x00000000f0480000,0x00000000f2e80000)
 ParOldGen       total 202240K, used 159453K [0x00000000c0000000, 0x00000000cc580000, 0x00000000eab00000)
  object space 202240K, 78% used [0x00000000c0000000,0x00000000c9bb74f0,0x00000000cc580000)
 Metaspace       used 79124K, committed 80512K, reserved 1179648K
  class space    used 8348K, committed 8960K, reserved 1048576K
}
Event: 41.422 GC heap before
{Heap before GC invocations=217 (full 7):
 PSYoungGen      total 81408K, used 81401K [0x00000000eab00000, 0x00000000f2e80000, 0x0000000100000000)
  eden space 45568K, 100% used [0x00000000eab00000,0x00000000ed780000,0x00000000ed780000)
  from space 35840K, 99% used [0x00000000ed780000,0x00000000efa7e408,0x00000000efa80000)
  to   space 43008K, 0% used [0x00000000f0480000,0x00000000f0480000,0x00000000f2e80000)
 ParOldGen       total 202240K, used 159453K [0x00000000c0000000, 0x00000000cc580000, 0x00000000eab00000)
  object space 202240K, 78% used [0x00000000c0000000,0x00000000c9bb74f0,0x00000000cc580000)
 Metaspace       used 79125K, committed 80512K, reserved 1179648K
  class space    used 8348K, committed 8960K, reserved 1048576K
}
Event: 41.442 GC heap after
{Heap after GC invocations=217 (full 7):
 PSYoungGen      total 86016K, used 36770K [0x00000000eab00000, 0x00000000f2880000, 0x0000000100000000)
  eden space 49152K, 0% used [0x00000000eab00000,0x00000000eab00000,0x00000000edb00000)
  from space 36864K, 99% used [0x00000000f0480000,0x00000000f2868b80,0x00000000f2880000)
  to   space 38912K, 0% used [0x00000000edc80000,0x00000000edc80000,0x00000000f0280000)
 ParOldGen       total 202240K, used 165041K [0x00000000c0000000, 0x00000000cc580000, 0x00000000eab00000)
  object space 202240K, 81% used [0x00000000c0000000,0x00000000ca12c560,0x00000000cc580000)
 Metaspace       used 79125K, committed 80512K, reserved 1179648K
  class space    used 8348K, committed 8960K, reserved 1048576K
}
Event: 41.715 GC heap before
{Heap before GC invocations=218 (full 7):
 PSYoungGen      total 86016K, used 85922K [0x00000000eab00000, 0x00000000f2880000, 0x0000000100000000)
  eden space 49152K, 100% used [0x00000000eab00000,0x00000000edb00000,0x00000000edb00000)
  from space 36864K, 99% used [0x00000000f0480000,0x00000000f2868b80,0x00000000f2880000)
  to   space 38912K, 0% used [0x00000000edc80000,0x00000000edc80000,0x00000000f0280000)
 ParOldGen       total 202240K, used 165041K [0x00000000c0000000, 0x00000000cc580000, 0x00000000eab00000)
  object space 202240K, 81% used [0x00000000c0000000,0x00000000ca12c560,0x00000000cc580000)
 Metaspace       used 79132K, committed 80512K, reserved 1179648K
  class space    used 8348K, committed 8960K, reserved 1048576K
}
Event: 41.742 GC heap after
{Heap after GC invocations=218 (full 7):
 PSYoungGen      total 88064K, used 38911K [0x00000000eab00000, 0x00000000f2880000, 0x0000000100000000)
  eden space 49152K, 0% used [0x00000000eab00000,0x00000000eab00000,0x00000000edb00000)
  from space 38912K, 99% used [0x00000000edc80000,0x00000000f027fe28,0x00000000f0280000)
  to   space 36864K, 0% used [0x00000000f0480000,0x00000000f0480000,0x00000000f2880000)
 ParOldGen       total 202240K, used 171879K [0x00000000c0000000, 0x00000000cc580000, 0x00000000eab00000)
  object space 202240K, 84% used [0x00000000c0000000,0x00000000ca7d9e20,0x00000000cc580000)
 Metaspace       used 79132K, committed 80512K, reserved 1179648K
  class space    used 8348K, committed 8960K, reserved 1048576K
}
Event: 41.913 GC heap before
{Heap before GC invocations=219 (full 7):
 PSYoungGen      total 88064K, used 88063K [0x00000000eab00000, 0x00000000f2880000, 0x0000000100000000)
  eden space 49152K, 100% used [0x00000000eab00000,0x00000000edb00000,0x00000000edb00000)
  from space 38912K, 99% used [0x00000000edc80000,0x00000000f027fe28,0x00000000f0280000)
  to   space 36864K, 0% used [0x00000000f0480000,0x00000000f0480000,0x00000000f2880000)
 ParOldGen       total 202240K, used 171879K [0x00000000c0000000, 0x00000000cc580000, 0x00000000eab00000)
  object space 202240K, 84% used [0x00000000c0000000,0x00000000ca7d9e20,0x00000000cc580000)
 Metaspace       used 79135K, committed 80512K, reserved 1179648K
  class space    used 8348K, committed 8960K, reserved 1048576K
}
Event: 41.938 GC heap after
{Heap after GC invocations=219 (full 7):
 PSYoungGen      total 82432K, used 36860K [0x00000000eab00000, 0x00000000f3900000, 0x0000000100000000)
  eden space 45568K, 0% used [0x00000000eab00000,0x00000000eab00000,0x00000000ed780000)
  from space 36864K, 99% used [0x00000000f0480000,0x00000000f287f3e8,0x00000000f2880000)
  to   space 46080K, 0% used [0x00000000ed780000,0x00000000ed780000,0x00000000f0480000)
 ParOldGen       total 202240K, used 180400K [0x00000000c0000000, 0x00000000cc580000, 0x00000000eab00000)
  object space 202240K, 89% used [0x00000000c0000000,0x00000000cb02c2c8,0x00000000cc580000)
 Metaspace       used 79135K, committed 80512K, reserved 1179648K
  class space    used 8348K, committed 8960K, reserved 1048576K
}

