# JRE version: OpenJDK Runtime Environment Temurin-17.0.13+11 (17.0.13+11) (build 17.0.13+11)
# Java VM: OpenJDK 64-Bit Server VM Temurin-17.0.13+11 (17.0.13+11, mixed mode, tiered, compressed oops, compressed class ptrs, parallel gc, windows-amd64)
GC Precious Log:
 CPUs: 8 total, 8 available
 Memory: 8112M
 Large Page Support: Disabled
 NUMA Support: Disabled
 Compressed Oops: Enabled (32-bit)
 Alignments: Space 512K, Generation 512K, Heap 2M
 Heap Min Capacity: 100M
 Heap Initial Capacity: 100M
 Heap Max Capacity: 1G
 Pre-touch: Disabled
 Parallel Workers: 8
Heap:
 PSYoungGen      total 25088K, used 14276K [0x00000000eab00000, 0x00000000ec700000, 0x0000000100000000)
  eden space 20992K, 65% used [0x00000000eab00000,0x00000000eb8653b0,0x00000000ebf80000)
  from space 4096K, 13% used [0x00000000ec180000,0x00000000ec20c010,0x00000000ec580000)
  to   space 1536K, 0% used [0x00000000ec580000,0x00000000ec580000,0x00000000ec700000)
 ParOldGen       total 68608K, used 29597K [0x00000000c0000000, 0x00000000c4300000, 0x00000000eab00000)
  object space 68608K, 43% used [0x00000000c0000000,0x00000000c1ce7620,0x00000000c4300000)
 Metaspace       used 57174K, committed 58048K, reserved 1114112K
  class space    used 6230K, committed 6592K, reserved 1048576K
GC Heap History (20 events):
Event: 12.679 GC heap before
{Heap before GC invocations=16 (full 2):
 PSYoungGen      total 23040K, used 22832K [0x00000000eab00000, 0x00000000ec600000, 0x0000000100000000)
  eden space 22016K, 99% used [0x00000000eab00000,0x00000000ec0743d8,0x00000000ec080000)
  from space 1024K, 84% used [0x00000000ec400000,0x00000000ec4d8000,0x00000000ec500000)
  to   space 1024K, 0% used [0x00000000ec500000,0x00000000ec500000,0x00000000ec600000)
 ParOldGen       total 68608K, used 16273K [0x00000000c0000000, 0x00000000c4300000, 0x00000000eab00000)
  object space 68608K, 23% used [0x00000000c0000000,0x00000000c0fe46b8,0x00000000c4300000)
 Metaspace       used 43150K, committed 44032K, reserved 1114112K
  class space    used 4465K, committed 4800K, reserved 1048576K
}
Event: 12.681 GC heap after
{Heap after GC invocations=16 (full 2):
 PSYoungGen      total 23040K, used 961K [0x00000000eab00000, 0x00000000ec600000, 0x0000000100000000)
  eden space 22016K, 0% used [0x00000000eab00000,0x00000000eab00000,0x00000000ec080000)
  from space 1024K, 93% used [0x00000000ec500000,0x00000000ec5f0710,0x00000000ec600000)
  to   space 1024K, 0% used [0x00000000ec400000,0x00000000ec400000,0x00000000ec500000)
 ParOldGen       total 68608K, used 16929K [0x00000000c0000000, 0x00000000c4300000, 0x00000000eab00000)
  object space 68608K, 24% used [0x00000000c0000000,0x00000000c10886c8,0x00000000c4300000)
 Metaspace       used 43150K, committed 44032K, reserved 1114112K
  class space    used 4465K, committed 4800K, reserved 1048576K
}
Event: 12.932 GC heap before
{Heap before GC invocations=17 (full 2):
 PSYoungGen      total 23040K, used 22977K [0x00000000eab00000, 0x00000000ec600000, 0x0000000100000000)
  eden space 22016K, 99% used [0x00000000eab00000,0x00000000ec07fff8,0x00000000ec080000)
  from space 1024K, 93% used [0x00000000ec500000,0x00000000ec5f0710,0x00000000ec600000)
  to   space 1024K, 0% used [0x00000000ec400000,0x00000000ec400000,0x00000000ec500000)
 ParOldGen       total 68608K, used 16929K [0x00000000c0000000, 0x00000000c4300000, 0x00000000eab00000)
  object space 68608K, 24% used [0x00000000c0000000,0x00000000c10886c8,0x00000000c4300000)
 Metaspace       used 45209K, committed 46080K, reserved 1114112K
  class space    used 4724K, committed 5056K, reserved 1048576K
}
Event: 12.934 GC heap after
{Heap after GC invocations=17 (full 2):
 PSYoungGen      total 23040K, used 672K [0x00000000eab00000, 0x00000000ec580000, 0x0000000100000000)
  eden space 22016K, 0% used [0x00000000eab00000,0x00000000eab00000,0x00000000ec080000)
  from space 1024K, 65% used [0x00000000ec400000,0x00000000ec4a8000,0x00000000ec500000)
  to   space 512K, 0% used [0x00000000ec500000,0x00000000ec500000,0x00000000ec580000)
 ParOldGen       total 68608K, used 17577K [0x00000000c0000000, 0x00000000c4300000, 0x00000000eab00000)
  object space 68608K, 25% used [0x00000000c0000000,0x00000000c112a6c8,0x00000000c4300000)
 Metaspace       used 45209K, committed 46080K, reserved 1114112K
  class space    used 4724K, committed 5056K, reserved 1048576K
}
Event: 13.299 GC heap before
{Heap before GC invocations=18 (full 2):
 PSYoungGen      total 23040K, used 22688K [0x00000000eab00000, 0x00000000ec580000, 0x0000000100000000)
  eden space 22016K, 100% used [0x00000000eab00000,0x00000000ec080000,0x00000000ec080000)
  from space 1024K, 65% used [0x00000000ec400000,0x00000000ec4a8000,0x00000000ec500000)
  to   space 512K, 0% used [0x00000000ec500000,0x00000000ec500000,0x00000000ec580000)
 ParOldGen       total 68608K, used 17577K [0x00000000c0000000, 0x00000000c4300000, 0x00000000eab00000)
  object space 68608K, 25% used [0x00000000c0000000,0x00000000c112a6c8,0x00000000c4300000)
 Metaspace       used 47741K, committed 48576K, reserved 1114112K
  class space    used 5057K, committed 5376K, reserved 1048576K
}
Event: 13.302 GC heap after
{Heap after GC invocations=18 (full 2):
 PSYoungGen      total 22528K, used 512K [0x00000000eab00000, 0x00000000ec580000, 0x0000000100000000)
  eden space 22016K, 0% used [0x00000000eab00000,0x00000000eab00000,0x00000000ec080000)
  from space 512K, 100% used [0x00000000ec500000,0x00000000ec580000,0x00000000ec580000)
  to   space 2048K, 0% used [0x00000000ec180000,0x00000000ec180000,0x00000000ec380000)
 ParOldGen       total 68608K, used 18648K [0x00000000c0000000, 0x00000000c4300000, 0x00000000eab00000)
  object space 68608K, 27% used [0x00000000c0000000,0x00000000c12363e8,0x00000000c4300000)
 Metaspace       used 47741K, committed 48576K, reserved 1114112K
  class space    used 5057K, committed 5376K, reserved 1048576K
}
Event: 13.891 GC heap before
{Heap before GC invocations=19 (full 2):
 PSYoungGen      total 22528K, used 22528K [0x00000000eab00000, 0x00000000ec580000, 0x0000000100000000)
  eden space 22016K, 100% used [0x00000000eab00000,0x00000000ec080000,0x00000000ec080000)
  from space 512K, 100% used [0x00000000ec500000,0x00000000ec580000,0x00000000ec580000)
  to   space 2048K, 0% used [0x00000000ec180000,0x00000000ec180000,0x00000000ec380000)
 ParOldGen       total 68608K, used 18648K [0x00000000c0000000, 0x00000000c4300000, 0x00000000eab00000)
  object space 68608K, 27% used [0x00000000c0000000,0x00000000c12363e8,0x00000000c4300000)
 Metaspace       used 50214K, committed 51072K, reserved 1114112K
  class space    used 5400K, committed 5760K, reserved 1048576K
}
Event: 13.896 GC heap after
{Heap after GC invocations=19 (full 2):
 PSYoungGen      total 24064K, used 1735K [0x00000000eab00000, 0x00000000ec580000, 0x0000000100000000)
  eden space 22016K, 0% used [0x00000000eab00000,0x00000000eab00000,0x00000000ec080000)
  from space 2048K, 84% used [0x00000000ec180000,0x00000000ec331c50,0x00000000ec380000)
  to   space 2048K, 0% used [0x00000000ec380000,0x00000000ec380000,0x00000000ec580000)
 ParOldGen       total 68608K, used 19192K [0x00000000c0000000, 0x00000000c4300000, 0x00000000eab00000)
  object space 68608K, 27% used [0x00000000c0000000,0x00000000c12be3e8,0x00000000c4300000)
 Metaspace       used 50214K, committed 51072K, reserved 1114112K
  class space    used 5400K, committed 5760K, reserved 1048576K
}
Event: 14.469 GC heap before
{Heap before GC invocations=20 (full 2):
 PSYoungGen      total 24064K, used 23751K [0x00000000eab00000, 0x00000000ec580000, 0x0000000100000000)
  eden space 22016K, 100% used [0x00000000eab00000,0x00000000ec080000,0x00000000ec080000)
  from space 2048K, 84% used [0x00000000ec180000,0x00000000ec331c50,0x00000000ec380000)
  to   space 2048K, 0% used [0x00000000ec380000,0x00000000ec380000,0x00000000ec580000)
 ParOldGen       total 68608K, used 19192K [0x00000000c0000000, 0x00000000c4300000, 0x00000000eab00000)
  object space 68608K, 27% used [0x00000000c0000000,0x00000000c12be3e8,0x00000000c4300000)
 Metaspace       used 53322K, committed 54208K, reserved 1114112K
  class space    used 5764K, committed 6144K, reserved 1048576K
}
Event: 14.473 GC heap after
{Heap after GC invocations=20 (full 2):
 PSYoungGen      total 23040K, used 2032K [0x00000000eab00000, 0x00000000ec880000, 0x0000000100000000)
  eden space 20992K, 0% used [0x00000000eab00000,0x00000000eab00000,0x00000000ebf80000)
  from space 2048K, 99% used [0x00000000ec380000,0x00000000ec57c010,0x00000000ec580000)
  to   space 4096K, 0% used [0x00000000ebf80000,0x00000000ebf80000,0x00000000ec380000)
 ParOldGen       total 68608K, used 20783K [0x00000000c0000000, 0x00000000c4300000, 0x00000000eab00000)
  object space 68608K, 30% used [0x00000000c0000000,0x00000000c144bfa0,0x00000000c4300000)
 Metaspace       used 53322K, committed 54208K, reserved 1114112K
  class space    used 5764K, committed 6144K, reserved 1048576K
}
Event: 15.229 GC heap before
{Heap before GC invocations=21 (full 2):
 PSYoungGen      total 23040K, used 23024K [0x00000000eab00000, 0x00000000ec880000, 0x0000000100000000)
  eden space 20992K, 100% used [0x00000000eab00000,0x00000000ebf80000,0x00000000ebf80000)
  from space 2048K, 99% used [0x00000000ec380000,0x00000000ec57c010,0x00000000ec580000)
  to   space 4096K, 0% used [0x00000000ebf80000,0x00000000ebf80000,0x00000000ec380000)
 ParOldGen       total 68608K, used 20783K [0x00000000c0000000, 0x00000000c4300000, 0x00000000eab00000)
  object space 68608K, 30% used [0x00000000c0000000,0x00000000c144bfa0,0x00000000c4300000)
 Metaspace       used 55954K, committed 56896K, reserved 1114112K
  class space    used 6114K, committed 6464K, reserved 1048576K
}
Event: 15.233 GC heap after
{Heap after GC invocations=21 (full 2):
 PSYoungGen      total 23040K, used 1715K [0x00000000eab00000, 0x00000000ec480000, 0x0000000100000000)
  eden space 20992K, 0% used [0x00000000eab00000,0x00000000eab00000,0x00000000ebf80000)
  from space 2048K, 83% used [0x00000000ebf80000,0x00000000ec12cfa0,0x00000000ec180000)
  to   space 2560K, 0% used [0x00000000ec200000,0x00000000ec200000,0x00000000ec480000)
 ParOldGen       total 68608K, used 22714K [0x00000000c0000000, 0x00000000c4300000, 0x00000000eab00000)
  object space 68608K, 33% used [0x00000000c0000000,0x00000000c162eb80,0x00000000c4300000)
 Metaspace       used 55954K, committed 56896K, reserved 1114112K
  class space    used 6114K, committed 6464K, reserved 1048576K
}
Event: 18.292 GC heap before
{Heap before GC invocations=22 (full 2):
 PSYoungGen      total 23040K, used 22707K [0x00000000eab00000, 0x00000000ec480000, 0x0000000100000000)
  eden space 20992K, 100% used [0x00000000eab00000,0x00000000ebf80000,0x00000000ebf80000)
  from space 2048K, 83% used [0x00000000ebf80000,0x00000000ec12cfa0,0x00000000ec180000)
  to   space 2560K, 0% used [0x00000000ec200000,0x00000000ec200000,0x00000000ec480000)
 ParOldGen       total 68608K, used 22714K [0x00000000c0000000, 0x00000000c4300000, 0x00000000eab00000)
  object space 68608K, 33% used [0x00000000c0000000,0x00000000c162eb80,0x00000000c4300000)
 Metaspace       used 56134K, committed 57024K, reserved 1114112K
  class space    used 6127K, committed 6464K, reserved 1048576K
}
Event: 18.295 GC heap after
{Heap after GC invocations=22 (full 2):
 PSYoungGen      total 22528K, used 1246K [0x00000000eab00000, 0x00000000ec380000, 0x0000000100000000)
  eden space 20992K, 0% used [0x00000000eab00000,0x00000000eab00000,0x00000000ebf80000)
  from space 1536K, 81% used [0x00000000ec200000,0x00000000ec3378c8,0x00000000ec380000)
  to   space 1536K, 0% used [0x00000000ec080000,0x00000000ec080000,0x00000000ec200000)
 ParOldGen       total 68608K, used 24277K [0x00000000c0000000, 0x00000000c4300000, 0x00000000eab00000)
  object space 68608K, 35% used [0x00000000c0000000,0x00000000c17b5678,0x00000000c4300000)
 Metaspace       used 56134K, committed 57024K, reserved 1114112K
  class space    used 6127K, committed 6464K, reserved 1048576K
}
Event: 18.372 GC heap before
{Heap before GC invocations=23 (full 2):
 PSYoungGen      total 22528K, used 22235K [0x00000000eab00000, 0x00000000ec380000, 0x0000000100000000)
  eden space 20992K, 99% used [0x00000000eab00000,0x00000000ebf7f560,0x00000000ebf80000)
  from space 1536K, 81% used [0x00000000ec200000,0x00000000ec3378c8,0x00000000ec380000)
  to   space 1536K, 0% used [0x00000000ec080000,0x00000000ec080000,0x00000000ec200000)
 ParOldGen       total 68608K, used 24277K [0x00000000c0000000, 0x00000000c4300000, 0x00000000eab00000)
  object space 68608K, 35% used [0x00000000c0000000,0x00000000c17b5678,0x00000000c4300000)
 Metaspace       used 56176K, committed 57088K, reserved 1114112K
  class space    used 6127K, committed 6464K, reserved 1048576K
}
Event: 18.376 GC heap after
{Heap after GC invocations=23 (full 2):
 PSYoungGen      total 22528K, used 1536K [0x00000000eab00000, 0x00000000ecd80000, 0x0000000100000000)
  eden space 20992K, 0% used [0x00000000eab00000,0x00000000eab00000,0x00000000ebf80000)
  from space 1536K, 100% used [0x00000000ec080000,0x00000000ec200000,0x00000000ec200000)
  to   space 7168K, 0% used [0x00000000ec680000,0x00000000ec680000,0x00000000ecd80000)
 ParOldGen       total 68608K, used 28673K [0x00000000c0000000, 0x00000000c4300000, 0x00000000eab00000)
  object space 68608K, 41% used [0x00000000c0000000,0x00000000c1c00578,0x00000000c4300000)
 Metaspace       used 56176K, committed 57088K, reserved 1114112K
  class space    used 6127K, committed 6464K, reserved 1048576K
}
Event: 18.476 GC heap before
{Heap before GC invocations=24 (full 2):
 PSYoungGen      total 22528K, used 22528K [0x00000000eab00000, 0x00000000ecd80000, 0x0000000100000000)
  eden space 20992K, 100% used [0x00000000eab00000,0x00000000ebf80000,0x00000000ebf80000)
  from space 1536K, 100% used [0x00000000ec080000,0x00000000ec200000,0x00000000ec200000)
  to   space 7168K, 0% used [0x00000000ec680000,0x00000000ec680000,0x00000000ecd80000)
 ParOldGen       total 68608K, used 28673K [0x00000000c0000000, 0x00000000c4300000, 0x00000000eab00000)
  object space 68608K, 41% used [0x00000000c0000000,0x00000000c1c00578,0x00000000c4300000)
 Metaspace       used 56192K, committed 57088K, reserved 1114112K
  class space    used 6127K, committed 6464K, reserved 1048576K
}
Event: 18.481 GC heap after
{Heap after GC invocations=24 (full 2):
 PSYoungGen      total 24064K, used 2592K [0x00000000eab00000, 0x00000000ec980000, 0x0000000100000000)
  eden space 20992K, 0% used [0x00000000eab00000,0x00000000eab00000,0x00000000ebf80000)
  from space 3072K, 84% used [0x00000000ec680000,0x00000000ec908000,0x00000000ec980000)
  to   space 4096K, 0% used [0x00000000ec180000,0x00000000ec180000,0x00000000ec580000)
 ParOldGen       total 68608K, used 28945K [0x00000000c0000000, 0x00000000c4300000, 0x00000000eab00000)
  object space 68608K, 42% used [0x00000000c0000000,0x00000000c1c445a8,0x00000000c4300000)
 Metaspace       used 56192K, committed 57088K, reserved 1114112K
  class space    used 6127K, committed 6464K, reserved 1048576K
}
Event: 18.751 GC heap before
{Heap before GC invocations=25 (full 2):
 PSYoungGen      total 24064K, used 23581K [0x00000000eab00000, 0x00000000ec980000, 0x0000000100000000)
  eden space 20992K, 99% used [0x00000000eab00000,0x00000000ebf7f670,0x00000000ebf80000)
  from space 3072K, 84% used [0x00000000ec680000,0x00000000ec908000,0x00000000ec980000)
  to   space 4096K, 0% used [0x00000000ec180000,0x00000000ec180000,0x00000000ec580000)
 ParOldGen       total 68608K, used 28945K [0x00000000c0000000, 0x00000000c4300000, 0x00000000eab00000)
  object space 68608K, 42% used [0x00000000c0000000,0x00000000c1c445a8,0x00000000c4300000)
 Metaspace       used 56965K, committed 57920K, reserved 1114112K
  class space    used 6204K, committed 6592K, reserved 1048576K
}
Event: 18.754 GC heap after
{Heap after GC invocations=25 (full 2):
 PSYoungGen      total 25088K, used 560K [0x00000000eab00000, 0x00000000ec700000, 0x0000000100000000)
  eden space 20992K, 0% used [0x00000000eab00000,0x00000000eab00000,0x00000000ebf80000)
  from space 4096K, 13% used [0x00000000ec180000,0x00000000ec20c010,0x00000000ec580000)
  to   space 1536K, 0% used [0x00000000ec580000,0x00000000ec580000,0x00000000ec700000)
 ParOldGen       total 68608K, used 29597K [0x00000000c0000000, 0x00000000c4300000, 0x00000000eab00000)
  object space 68608K, 43% used [0x00000000c0000000,0x00000000c1ce7620,0x00000000c4300000)
 Metaspace       used 56965K, committed 57920K, reserved 1114112K
  class space    used 6204K, committed 6592K, reserved 1048576K
}

