# JRE version: OpenJDK Runtime Environment Temurin-17.0.13+11 (17.0.13+11) (build 17.0.13+11)
# Java VM: OpenJDK 64-Bit Server VM Temurin-17.0.13+11 (17.0.13+11, mixed mode, tiered, compressed oops, compressed class ptrs, parallel gc, windows-amd64)
GC Precious Log:
 CPUs: 8 total, 8 available
 Memory: 8112M
 Large Page Support: Disabled
 NUMA Support: Disabled
 Compressed Oops: Enabled (32-bit)
 Alignments: Space 512K, Generation 512K, Heap 2M
 Heap Min Capacity: 100M
 Heap Initial Capacity: 100M
 Heap Max Capacity: 1G
 Pre-touch: Disabled
 Parallel Workers: 8
Heap:
 PSYoungGen      total 14336K, used 8561K [0x00000000eab00000, 0x00000000ebe80000, 0x0000000100000000)
  eden space 13824K, 59% used [0x00000000eab00000,0x00000000eb304610,0x00000000eb880000)
  from space 512K, 68% used [0x00000000eb880000,0x00000000eb8d8000,0x00000000eb900000)
  to   space 2048K, 0% used [0x00000000ebc80000,0x00000000ebc80000,0x00000000ebe80000)
 ParOldGen       total 68608K, used 28805K [0x00000000c0000000, 0x00000000c4300000, 0x00000000eab00000)
  object space 68608K, 41% used [0x00000000c0000000,0x00000000c1c21458,0x00000000c4300000)
 Metaspace       used 50965K, committed 52032K, reserved 1114112K
  class space    used 5482K, committed 5952K, reserved 1048576K
GC Heap History (20 events):
Event: 5.114 GC heap before
{Heap before GC invocations=13 (full 2):
 PSYoungGen      total 24576K, used 1226K [0x00000000eab00000, 0x00000000ec600000, 0x0000000100000000)
  eden space 23040K, 0% used [0x00000000eab00000,0x00000000eab00000,0x00000000ec180000)
  from space 1536K, 79% used [0x00000000ec300000,0x00000000ec4329e8,0x00000000ec480000)
  to   space 1536K, 0% used [0x00000000ec480000,0x00000000ec480000,0x00000000ec600000)
 ParOldGen       total 68608K, used 16416K [0x00000000c0000000, 0x00000000c4300000, 0x00000000eab00000)
  object space 68608K, 23% used [0x00000000c0000000,0x00000000c10081a8,0x00000000c4300000)
 Metaspace       used 35095K, committed 35840K, reserved 1114112K
  class space    used 3430K, committed 3776K, reserved 1048576K
}
Event: 5.155 GC heap after
{Heap after GC invocations=13 (full 2):
 PSYoungGen      total 24576K, used 0K [0x00000000eab00000, 0x00000000ec600000, 0x0000000100000000)
  eden space 23040K, 0% used [0x00000000eab00000,0x00000000eab00000,0x00000000ec180000)
  from space 1536K, 0% used [0x00000000ec300000,0x00000000ec300000,0x00000000ec480000)
  to   space 1536K, 0% used [0x00000000ec480000,0x00000000ec480000,0x00000000ec600000)
 ParOldGen       total 68608K, used 14974K [0x00000000c0000000, 0x00000000c4300000, 0x00000000eab00000)
  object space 68608K, 21% used [0x00000000c0000000,0x00000000c0e9fa78,0x00000000c4300000)
 Metaspace       used 35082K, committed 35840K, reserved 1114112K
  class space    used 3426K, committed 3776K, reserved 1048576K
}
Event: 5.444 GC heap before
{Heap before GC invocations=14 (full 2):
 PSYoungGen      total 24576K, used 23039K [0x00000000eab00000, 0x00000000ec600000, 0x0000000100000000)
  eden space 23040K, 99% used [0x00000000eab00000,0x00000000ec17ffc0,0x00000000ec180000)
  from space 1536K, 0% used [0x00000000ec300000,0x00000000ec300000,0x00000000ec480000)
  to   space 1536K, 0% used [0x00000000ec480000,0x00000000ec480000,0x00000000ec600000)
 ParOldGen       total 68608K, used 14974K [0x00000000c0000000, 0x00000000c4300000, 0x00000000eab00000)
  object space 68608K, 21% used [0x00000000c0000000,0x00000000c0e9fa78,0x00000000c4300000)
 Metaspace       used 38393K, committed 39296K, reserved 1114112K
  class space    used 3828K, committed 4224K, reserved 1048576K
}
Event: 5.447 GC heap after
{Heap after GC invocations=14 (full 2):
 PSYoungGen      total 24064K, used 1045K [0x00000000eab00000, 0x00000000ec600000, 0x0000000100000000)
  eden space 22528K, 0% used [0x00000000eab00000,0x00000000eab00000,0x00000000ec100000)
  from space 1536K, 68% used [0x00000000ec480000,0x00000000ec585638,0x00000000ec600000)
  to   space 1536K, 0% used [0x00000000ec300000,0x00000000ec300000,0x00000000ec480000)
 ParOldGen       total 68608K, used 14982K [0x00000000c0000000, 0x00000000c4300000, 0x00000000eab00000)
  object space 68608K, 21% used [0x00000000c0000000,0x00000000c0ea1a78,0x00000000c4300000)
 Metaspace       used 38393K, committed 39296K, reserved 1114112K
  class space    used 3828K, committed 4224K, reserved 1048576K
}
Event: 5.645 GC heap before
{Heap before GC invocations=15 (full 2):
 PSYoungGen      total 24064K, used 23573K [0x00000000eab00000, 0x00000000ec600000, 0x0000000100000000)
  eden space 22528K, 100% used [0x00000000eab00000,0x00000000ec100000,0x00000000ec100000)
  from space 1536K, 68% used [0x00000000ec480000,0x00000000ec585638,0x00000000ec600000)
  to   space 1536K, 0% used [0x00000000ec300000,0x00000000ec300000,0x00000000ec480000)
 ParOldGen       total 68608K, used 14982K [0x00000000c0000000, 0x00000000c4300000, 0x00000000eab00000)
  object space 68608K, 21% used [0x00000000c0000000,0x00000000c0ea1a78,0x00000000c4300000)
 Metaspace       used 41236K, committed 42176K, reserved 1114112K
  class space    used 4237K, committed 4672K, reserved 1048576K
}
Event: 5.647 GC heap after
{Heap after GC invocations=15 (full 2):
 PSYoungGen      total 23040K, used 736K [0x00000000eab00000, 0x00000000ec500000, 0x0000000100000000)
  eden space 22016K, 0% used [0x00000000eab00000,0x00000000eab00000,0x00000000ec080000)
  from space 1024K, 71% used [0x00000000ec300000,0x00000000ec3b8000,0x00000000ec400000)
  to   space 1024K, 0% used [0x00000000ec400000,0x00000000ec400000,0x00000000ec500000)
 ParOldGen       total 68608K, used 15878K [0x00000000c0000000, 0x00000000c4300000, 0x00000000eab00000)
  object space 68608K, 23% used [0x00000000c0000000,0x00000000c0f81838,0x00000000c4300000)
 Metaspace       used 41236K, committed 42176K, reserved 1114112K
  class space    used 4237K, committed 4672K, reserved 1048576K
}
Event: 5.834 GC heap before
{Heap before GC invocations=16 (full 2):
 PSYoungGen      total 23040K, used 22752K [0x00000000eab00000, 0x00000000ec500000, 0x0000000100000000)
  eden space 22016K, 100% used [0x00000000eab00000,0x00000000ec080000,0x00000000ec080000)
  from space 1024K, 71% used [0x00000000ec300000,0x00000000ec3b8000,0x00000000ec400000)
  to   space 1024K, 0% used [0x00000000ec400000,0x00000000ec400000,0x00000000ec500000)
 ParOldGen       total 68608K, used 15878K [0x00000000c0000000, 0x00000000c4300000, 0x00000000eab00000)
  object space 68608K, 23% used [0x00000000c0000000,0x00000000c0f81838,0x00000000c4300000)
 Metaspace       used 43078K, committed 44032K, reserved 1114112K
  class space    used 4476K, committed 4928K, reserved 1048576K
}
Event: 5.836 GC heap after
{Heap after GC invocations=16 (full 2):
 PSYoungGen      total 23040K, used 992K [0x00000000eab00000, 0x00000000ec500000, 0x0000000100000000)
  eden space 22016K, 0% used [0x00000000eab00000,0x00000000eab00000,0x00000000ec080000)
  from space 1024K, 96% used [0x00000000ec400000,0x00000000ec4f8000,0x00000000ec500000)
  to   space 1536K, 0% used [0x00000000ec200000,0x00000000ec200000,0x00000000ec380000)
 ParOldGen       total 68608K, used 16454K [0x00000000c0000000, 0x00000000c4300000, 0x00000000eab00000)
  object space 68608K, 23% used [0x00000000c0000000,0x00000000c1011838,0x00000000c4300000)
 Metaspace       used 43078K, committed 44032K, reserved 1114112K
  class space    used 4476K, committed 4928K, reserved 1048576K
}
Event: 6.122 GC heap before
{Heap before GC invocations=17 (full 2):
 PSYoungGen      total 23040K, used 23008K [0x00000000eab00000, 0x00000000ec500000, 0x0000000100000000)
  eden space 22016K, 100% used [0x00000000eab00000,0x00000000ec080000,0x00000000ec080000)
  from space 1024K, 96% used [0x00000000ec400000,0x00000000ec4f8000,0x00000000ec500000)
  to   space 1536K, 0% used [0x00000000ec200000,0x00000000ec200000,0x00000000ec380000)
 ParOldGen       total 68608K, used 16454K [0x00000000c0000000, 0x00000000c4300000, 0x00000000eab00000)
  object space 68608K, 23% used [0x00000000c0000000,0x00000000c1011838,0x00000000c4300000)
 Metaspace       used 45137K, committed 46080K, reserved 1114112K
  class space    used 4730K, committed 5184K, reserved 1048576K
}
Event: 6.124 GC heap after
{Heap after GC invocations=17 (full 2):
 PSYoungGen      total 23552K, used 762K [0x00000000eab00000, 0x00000000ec480000, 0x0000000100000000)
  eden space 22016K, 0% used [0x00000000eab00000,0x00000000eab00000,0x00000000ec080000)
  from space 1536K, 49% used [0x00000000ec200000,0x00000000ec2be9d8,0x00000000ec380000)
  to   space 1024K, 0% used [0x00000000ec380000,0x00000000ec380000,0x00000000ec480000)
 ParOldGen       total 68608K, used 17254K [0x00000000c0000000, 0x00000000c4300000, 0x00000000eab00000)
  object space 68608K, 25% used [0x00000000c0000000,0x00000000c10d9848,0x00000000c4300000)
 Metaspace       used 45137K, committed 46080K, reserved 1114112K
  class space    used 4730K, committed 5184K, reserved 1048576K
}
Event: 6.511 GC heap before
{Heap before GC invocations=18 (full 2):
 PSYoungGen      total 23552K, used 22778K [0x00000000eab00000, 0x00000000ec480000, 0x0000000100000000)
  eden space 22016K, 100% used [0x00000000eab00000,0x00000000ec080000,0x00000000ec080000)
  from space 1536K, 49% used [0x00000000ec200000,0x00000000ec2be9d8,0x00000000ec380000)
  to   space 1024K, 0% used [0x00000000ec380000,0x00000000ec380000,0x00000000ec480000)
 ParOldGen       total 68608K, used 17254K [0x00000000c0000000, 0x00000000c4300000, 0x00000000eab00000)
  object space 68608K, 25% used [0x00000000c0000000,0x00000000c10d9848,0x00000000c4300000)
 Metaspace       used 47690K, committed 48640K, reserved 1114112K
  class space    used 5067K, committed 5504K, reserved 1048576K
}
Event: 6.514 GC heap after
{Heap after GC invocations=18 (full 2):
 PSYoungGen      total 23040K, used 1024K [0x00000000eab00000, 0x00000000ec480000, 0x0000000100000000)
  eden space 22016K, 0% used [0x00000000eab00000,0x00000000eab00000,0x00000000ec080000)
  from space 1024K, 100% used [0x00000000ec380000,0x00000000ec480000,0x00000000ec480000)
  to   space 2048K, 0% used [0x00000000ec080000,0x00000000ec080000,0x00000000ec280000)
 ParOldGen       total 68608K, used 17986K [0x00000000c0000000, 0x00000000c4300000, 0x00000000eab00000)
  object space 68608K, 26% used [0x00000000c0000000,0x00000000c1190858,0x00000000c4300000)
 Metaspace       used 47690K, committed 48640K, reserved 1114112K
  class space    used 5067K, committed 5504K, reserved 1048576K
}
Event: 6.996 GC heap before
{Heap before GC invocations=19 (full 2):
 PSYoungGen      total 23040K, used 23039K [0x00000000eab00000, 0x00000000ec480000, 0x0000000100000000)
  eden space 22016K, 99% used [0x00000000eab00000,0x00000000ec07fff8,0x00000000ec080000)
  from space 1024K, 100% used [0x00000000ec380000,0x00000000ec480000,0x00000000ec480000)
  to   space 2048K, 0% used [0x00000000ec080000,0x00000000ec080000,0x00000000ec280000)
 ParOldGen       total 68608K, used 17986K [0x00000000c0000000, 0x00000000c4300000, 0x00000000eab00000)
  object space 68608K, 26% used [0x00000000c0000000,0x00000000c1190858,0x00000000c4300000)
 Metaspace       used 50175K, committed 51200K, reserved 1114112K
  class space    used 5414K, committed 5888K, reserved 1048576K
}
Event: 7.000 GC heap after
{Heap after GC invocations=19 (full 2):
 PSYoungGen      total 24064K, used 1543K [0x00000000eab00000, 0x00000000ec480000, 0x0000000100000000)
  eden space 22016K, 0% used [0x00000000eab00000,0x00000000eab00000,0x00000000ec080000)
  from space 2048K, 75% used [0x00000000ec080000,0x00000000ec201c50,0x00000000ec280000)
  to   space 2048K, 0% used [0x00000000ec280000,0x00000000ec280000,0x00000000ec480000)
 ParOldGen       total 68608K, used 18954K [0x00000000c0000000, 0x00000000c4300000, 0x00000000eab00000)
  object space 68608K, 27% used [0x00000000c0000000,0x00000000c1282858,0x00000000c4300000)
 Metaspace       used 50175K, committed 51200K, reserved 1114112K
  class space    used 5414K, committed 5888K, reserved 1048576K
}
Event: 7.377 GC heap before
{Heap before GC invocations=20 (full 2):
 PSYoungGen      total 24064K, used 23559K [0x00000000eab00000, 0x00000000ec480000, 0x0000000100000000)
  eden space 22016K, 100% used [0x00000000eab00000,0x00000000ec080000,0x00000000ec080000)
  from space 2048K, 75% used [0x00000000ec080000,0x00000000ec201c50,0x00000000ec280000)
  to   space 2048K, 0% used [0x00000000ec280000,0x00000000ec280000,0x00000000ec480000)
 ParOldGen       total 68608K, used 18954K [0x00000000c0000000, 0x00000000c4300000, 0x00000000eab00000)
  object space 68608K, 27% used [0x00000000c0000000,0x00000000c1282858,0x00000000c4300000)
 Metaspace       used 50576K, committed 51584K, reserved 1114112K
  class space    used 5453K, committed 5888K, reserved 1048576K
}
Event: 7.382 GC heap after
{Heap after GC invocations=20 (full 2):
 PSYoungGen      total 15872K, used 2030K [0x00000000eab00000, 0x00000000ed480000, 0x0000000100000000)
  eden space 13824K, 0% used [0x00000000eab00000,0x00000000eab00000,0x00000000eb880000)
  from space 2048K, 99% used [0x00000000ec280000,0x00000000ec47b8b8,0x00000000ec480000)
  to   space 10240K, 0% used [0x00000000eb880000,0x00000000eb880000,0x00000000ec280000)
 ParOldGen       total 68608K, used 25671K [0x00000000c0000000, 0x00000000c4300000, 0x00000000eab00000)
  object space 68608K, 37% used [0x00000000c0000000,0x00000000c1911d58,0x00000000c4300000)
 Metaspace       used 50576K, committed 51584K, reserved 1114112K
  class space    used 5453K, committed 5888K, reserved 1048576K
}
Event: 7.934 GC heap before
{Heap before GC invocations=21 (full 2):
 PSYoungGen      total 15872K, used 15854K [0x00000000eab00000, 0x00000000ed480000, 0x0000000100000000)
  eden space 13824K, 100% used [0x00000000eab00000,0x00000000eb880000,0x00000000eb880000)
  from space 2048K, 99% used [0x00000000ec280000,0x00000000ec47b8b8,0x00000000ec480000)
  to   space 10240K, 0% used [0x00000000eb880000,0x00000000eb880000,0x00000000ec280000)
 ParOldGen       total 68608K, used 25671K [0x00000000c0000000, 0x00000000c4300000, 0x00000000eab00000)
  object space 68608K, 37% used [0x00000000c0000000,0x00000000c1911d58,0x00000000c4300000)
 Metaspace       used 50638K, committed 51648K, reserved 1114112K
  class space    used 5458K, committed 5888K, reserved 1048576K
}
Event: 7.938 GC heap after
{Heap after GC invocations=21 (full 2):
 PSYoungGen      total 16384K, used 2400K [0x00000000eab00000, 0x00000000ec300000, 0x0000000100000000)
  eden space 13824K, 0% used [0x00000000eab00000,0x00000000eab00000,0x00000000eb880000)
  from space 2560K, 93% used [0x00000000eb880000,0x00000000ebad8000,0x00000000ebb00000)
  to   space 5120K, 0% used [0x00000000ebe00000,0x00000000ebe00000,0x00000000ec300000)
 ParOldGen       total 68608K, used 26928K [0x00000000c0000000, 0x00000000c4300000, 0x00000000eab00000)
  object space 68608K, 39% used [0x00000000c0000000,0x00000000c1a4c260,0x00000000c4300000)
 Metaspace       used 50638K, committed 51648K, reserved 1114112K
  class space    used 5458K, committed 5888K, reserved 1048576K
}
Event: 8.261 GC heap before
{Heap before GC invocations=22 (full 2):
 PSYoungGen      total 16384K, used 16224K [0x00000000eab00000, 0x00000000ec300000, 0x0000000100000000)
  eden space 13824K, 100% used [0x00000000eab00000,0x00000000eb880000,0x00000000eb880000)
  from space 2560K, 93% used [0x00000000eb880000,0x00000000ebad8000,0x00000000ebb00000)
  to   space 5120K, 0% used [0x00000000ebe00000,0x00000000ebe00000,0x00000000ec300000)
 ParOldGen       total 68608K, used 26928K [0x00000000c0000000, 0x00000000c4300000, 0x00000000eab00000)
  object space 68608K, 39% used [0x00000000c0000000,0x00000000c1a4c260,0x00000000c4300000)
 Metaspace       used 50953K, committed 51968K, reserved 1114112K
  class space    used 5482K, committed 5952K, reserved 1048576K
}
Event: 8.263 GC heap after
{Heap after GC invocations=22 (full 2):
 PSYoungGen      total 18432K, used 4299K [0x00000000eab00000, 0x00000000ec280000, 0x0000000100000000)
  eden space 13824K, 0% used [0x00000000eab00000,0x00000000eab00000,0x00000000eb880000)
  from space 4608K, 93% used [0x00000000ebe00000,0x00000000ec232d58,0x00000000ec280000)
  to   space 5120K, 0% used [0x00000000eb880000,0x00000000eb880000,0x00000000ebd80000)
 ParOldGen       total 68608K, used 27400K [0x00000000c0000000, 0x00000000c4300000, 0x00000000eab00000)
  object space 68608K, 39% used [0x00000000c0000000,0x00000000c1ac2270,0x00000000c4300000)
 Metaspace       used 50953K, committed 51968K, reserved 1114112K
  class space    used 5482K, committed 5952K, reserved 1048576K
}

